<?xml version="1.0" encoding="UTF-8" standalone="yes"?><!DOCTYPE report PUBLIC "-//JACOCO//DTD Report 1.1//EN" "report.dtd"><report name="my-java-project"><sessioninfo id="LENOVO-81787bc2" start="1751392801015" dump="1751392805379"/><package name=""><class name="App" sourcefilename="App.java"><method name="&lt;init&gt;" desc="()V" line="7"><counter type="INSTRUCTION" missed="3" covered="0"/><counter type="LINE" missed="1" covered="0"/><counter type="COMPLEXITY" missed="1" covered="0"/><counter type="METHOD" missed="1" covered="0"/></method><method name="main" desc="([Ljava/lang/String;)V" line="10"><counter type="INSTRUCTION" missed="53" covered="0"/><counter type="BRANCH" missed="2" covered="0"/><counter type="LINE" missed="17" covered="0"/><counter type="COMPLEXITY" missed="2" covered="0"/><counter type="METHOD" missed="1" covered="0"/></method><counter type="INSTRUCTION" missed="56" covered="0"/><counter type="BRANCH" missed="2" covered="0"/><counter type="LINE" missed="18" covered="0"/><counter type="COMPLEXITY" missed="3" covered="0"/><counter type="METHOD" missed="2" covered="0"/><counter type="CLASS" missed="1" covered="0"/></class><sourcefile name="App.java"><line nr="7" mi="3" ci="0" mb="0" cb="0"/><line nr="10" mi="5" ci="0" mb="0" cb="0"/><line nr="11" mi="3" ci="0" mb="0" cb="0"/><line nr="12" mi="3" ci="0" mb="0" cb="0"/><line nr="15" mi="3" ci="0" mb="0" cb="0"/><line nr="17" mi="5" ci="0" mb="0" cb="0"/><line nr="18" mi="3" ci="0" mb="0" cb="0"/><line nr="19" mi="4" ci="0" mb="0" cb="0"/><line nr="21" mi="3" ci="0" mb="2" cb="0"/><line nr="22" mi="7" ci="0" mb="0" cb="0"/><line nr="24" mi="1" ci="0" mb="0" cb="0"/><line nr="25" mi="2" ci="0" mb="0" cb="0"/><line nr="26" mi="1" ci="0" mb="0" cb="0"/><line nr="29" mi="2" ci="0" mb="0" cb="0"/><line nr="30" mi="4" ci="0" mb="0" cb="0"/><line nr="33" mi="2" ci="0" mb="0" cb="0"/><line nr="34" mi="4" ci="0" mb="0" cb="0"/><line nr="35" mi="1" ci="0" mb="0" cb="0"/><counter type="INSTRUCTION" missed="56" covered="0"/><counter type="BRANCH" missed="2" covered="0"/><counter type="LINE" missed="18" covered="0"/><counter type="COMPLEXITY" missed="3" covered="0"/><counter type="METHOD" missed="2" covered="0"/><counter type="CLASS" missed="1" covered="0"/></sourcefile><counter type="INSTRUCTION" missed="56" covered="0"/><counter type="BRANCH" missed="2" covered="0"/><counter type="LINE" missed="18" covered="0"/><counter type="COMPLEXITY" missed="3" covered="0"/><counter type="METHOD" missed="2" covered="0"/><counter type="CLASS" missed="1" covered="0"/></package><counter type="INSTRUCTION" missed="56" covered="0"/><counter type="BRANCH" missed="2" covered="0"/><counter type="LINE" missed="18" covered="0"/><counter type="COMPLEXITY" missed="3" covered="0"/><counter type="METHOD" missed="2" covered="0"/><counter type="CLASS" missed="1" covered="0"/></report>